<?xml version="1.0" encoding="UTF-8"?>
<testng-results skipped="0" failed="0" total="1" passed="1">
  <reporter-output>
  </reporter-output>
  <suite name="Suite" duration-ms="11864" started-at="2018-11-26T18:43:22Z" finished-at="2018-11-26T18:43:34Z">
    <groups>
    </groups>
    <test name="Data Driven Framework" duration-ms="11864" started-at="2018-11-26T18:43:22Z" finished-at="2018-11-26T18:43:34Z">
      <class name="dataDrivenFramework.LoginPage">
        <test-method status="PASS" signature="initialize()[pri:0, instance:dataDrivenFramework.LoginPage@1dde4cb2]" name="initialize" is-config="true" duration-ms="7633" started-at="2018-11-27T00:13:22Z" finished-at="2018-11-27T00:13:30Z">
          <reporter-output>
          </reporter-output>
        </test-method> <!-- initialize -->
        <test-method status="PASS" signature="readData()[pri:0, instance:dataDrivenFramework.LoginPage@1dde4cb2]" name="readData" duration-ms="4144" started-at="2018-11-27T00:13:30Z" finished-at="2018-11-27T00:13:34Z">
          <reporter-output>
          </reporter-output>
        </test-method> <!-- readData -->
        <test-method status="PASS" signature="tearDown()[pri:0, instance:dataDrivenFramework.LoginPage@1dde4cb2]" name="tearDown" is-config="true" duration-ms="69" started-at="2018-11-27T00:13:34Z" finished-at="2018-11-27T00:13:34Z">
          <reporter-output>
          </reporter-output>
        </test-method> <!-- tearDown -->
      </class> <!-- dataDrivenFramework.LoginPage -->
    </test> <!-- Data Driven Framework -->
  </suite> <!-- Suite -->
</testng-results>
